<?xml version="1.0" encoding="UTF-8"?>
<testsuite xmlns:xsi="http://www.w3.org/2001/XMLSchema-instance" xsi:noNamespaceSchemaLocation="https://maven.apache.org/surefire/maven-failsafe-plugin/xsd/failsafe-test-report.xsd" name="org.myorg.jpatickets.ejbclient.EventMgmtIT" time="0.001" tests="9" errors="0" skipped="9" failures="0">
  <properties>
[...]
</properties>
  <testcase name="eventSerializable" classname="org.myorg.jpatickets.ejbclient.EventMgmtIT" time="0">
    <skipped/>
  </testcase>
  <testcase name="eventCleansed" classname="org.myorg.jpatickets.ejbclient.EventMgmtIT" time="0">
    <skipped/>
  </testcase>
  <testcase name="eventFetchedDTO" classname="org.myorg.jpatickets.ejbclient.EventMgmtIT" time="0">
    <skipped/>
  </testcase>
  <testcase name="eventLazy" classname="org.myorg.jpatickets.ejbclient.EventMgmtIT" time="0">
    <skipped/>
  </testcase>
  <testcase name="eventFetchedMore" classname="org.myorg.jpatickets.ejbclient.EventMgmtIT" time="0">
    <skipped/>
  </testcase>
  <testcase name="eventFetchedSome" classname="org.myorg.jpatickets.ejbclient.EventMgmtIT" time="0">
    <skipped/>
  </testcase>
  <testcase name="eventLazyDTO" classname="org.myorg.jpatickets.ejbclient.EventMgmtIT" time="0">
    <skipped/>
  </testcase>
  <testcase name="eventTouchedMore" classname="org.myorg.jpatickets.ejbclient.EventMgmtIT" time="0">
    <skipped/>
  </testcase>
  <testcase name="eventTouchedSome" classname="org.myorg.jpatickets.ejbclient.EventMgmtIT" time="0">
    <skipped/>
  </testcase>
</testsuite>